[2026-03-30 19:25:57] local.ERROR: syntax error, unexpected end of file, expecting ";" {"exception":"[object] (ParseError(code: 0): syntax error, unexpected end of file, expecting \";\" at /workspaces/factorio-blueprint-editor/packages/laravel-factorio-blueprint-editor/config/factorio-blueprint-editor.php:16)
[stacktrace]
#0 /workspaces/factorio-blueprint-editor/packages/laravel-factorio-blueprint-editor/src/FactorioBlueprintEditorServiceProvider.php(12): Illuminate\\Support\\ServiceProvider->mergeConfigFrom()
#1 /workspaces/factorio-blueprint-editor/laravel-app/vendor/laravel/framework/src/Illuminate/Foundation/Application.php(896): FactorioBlueprintEditorLaravel\\FactorioBlueprintEditorServiceProvider->register()
#2 /workspaces/factorio-blueprint-editor/laravel-app/vendor/laravel/framework/src/Illuminate/Foundation/ProviderRepository.php(74): Illuminate\\Foundation\\Application->register()
#3 /workspaces/factorio-blueprint-editor/laravel-app/vendor/laravel/framework/src/Illuminate/Foundation/Application.php(871): Illuminate\\Foundation\\ProviderRepository->load()
#4 /workspaces/factorio-blueprint-editor/laravel-app/vendor/laravel/framework/src/Illuminate/Foundation/Bootstrap/RegisterProviders.php(37): Illuminate\\Foundation\\Application->registerConfiguredProviders()
#5 /workspaces/factorio-blueprint-editor/laravel-app/vendor/laravel/framework/src/Illuminate/Foundation/Application.php(342): Illuminate\\Foundation\\Bootstrap\\RegisterProviders->bootstrap()
#6 /workspaces/factorio-blueprint-editor/laravel-app/vendor/laravel/framework/src/Illuminate/Foundation/Console/Kernel.php(494): Illuminate\\Foundation\\Application->bootstrapWith()
#7 /workspaces/factorio-blueprint-editor/laravel-app/vendor/laravel/framework/src/Illuminate/Foundation/Console/Kernel.php(196): Illuminate\\Foundation\\Console\\Kernel->bootstrap()
#8 /workspaces/factorio-blueprint-editor/laravel-app/vendor/laravel/framework/src/Illuminate/Foundation/Application.php(1235): Illuminate\\Foundation\\Console\\Kernel->handle()
#9 /workspaces/factorio-blueprint-editor/laravel-app/artisan(16): Illuminate\\Foundation\\Application->handleCommand()
#10 {main}
"} 
[2026-03-30 19:27:51] local.ERROR: FactorioBlueprintEditorLaravel\Http\Controllers\DataAssetController::serve(): Return value must be of type Illuminate\Http\Response, Symfony\Component\HttpFoundation\BinaryFileResponse returned {"exception":"[object] (TypeError(code: 0): FactorioBlueprintEditorLaravel\\Http\\Controllers\\DataAssetController::serve(): Return value must be of type Illuminate\\Http\\Response, Symfony\\Component\\HttpFoundation\\BinaryFileResponse returned at /workspaces/factorio-blueprint-editor/packages/laravel-factorio-blueprint-editor/src/Http/Controllers/DataAssetController.php:52)
[stacktrace]
#0 /workspaces/factorio-blueprint-editor/packages/laravel-factorio-blueprint-editor/src/Http/Controllers/DataAssetController.php(21): FactorioBlueprintEditorLaravel\\Http\\Controllers\\DataAssetController->serve()
#1 /workspaces/factorio-blueprint-editor/laravel-app/vendor/laravel/framework/src/Illuminate/Routing/ControllerDispatcher.php(46): FactorioBlueprintEditorLaravel\\Http\\Controllers\\DataAssetController->packageAsset()
#2 /workspaces/factorio-blueprint-editor/laravel-app/vendor/laravel/framework/src/Illuminate/Routing/Route.php(269): Illuminate\\Routing\\ControllerDispatcher->dispatch()
#3 /workspaces/factorio-blueprint-editor/laravel-app/vendor/laravel/framework/src/Illuminate/Routing/Route.php(215): Illuminate\\Routing\\Route->runController()
#4 /workspaces/factorio-blueprint-editor/laravel-app/vendor/laravel/framework/src/Illuminate/Routing/Router.php(822): Illuminate\\Routing\\Route->run()
#5 /workspaces/factorio-blueprint-editor/laravel-app/vendor/laravel/framework/src/Illuminate/Pipeline/Pipeline.php(180): Illuminate\\Routing\\Router->Illuminate\\Routing\\{closure}()
#6 /workspaces/factorio-blueprint-editor/laravel-app/vendor/laravel/framework/src/Illuminate/Pipeline/Pipeline.php(137): Illuminate\\Pipeline\\Pipeline->Illuminate\\Pipeline\\{closure}()
#7 /workspaces/factorio-blueprint-editor/laravel-app/vendor/laravel/framework/src/Illuminate/Routing/Router.php(821): Illuminate\\Pipeline\\Pipeline->then()
#8 /workspaces/factorio-blueprint-editor/laravel-app/vendor/laravel/framework/src/Illuminate/Routing/Router.php(800): Illuminate\\Routing\\Router->runRouteWithinStack()
#9 /workspaces/factorio-blueprint-editor/laravel-app/vendor/laravel/framework/src/Illuminate/Routing/Router.php(764): Illuminate\\Routing\\Router->runRoute()
#10 /workspaces/factorio-blueprint-editor/laravel-app/vendor/laravel/framework/src/Illuminate/Routing/Router.php(753): Illuminate\\Routing\\Router->dispatchToRoute()
#11 /workspaces/factorio-blueprint-editor/laravel-app/vendor/laravel/framework/src/Illuminate/Foundation/Http/Kernel.php(200): Illuminate\\Routing\\Router->dispatch()
#12 /workspaces/factorio-blueprint-editor/laravel-app/vendor/laravel/framework/src/Illuminate/Pipeline/Pipeline.php(180): Illuminate\\Foundation\\Http\\Kernel->Illuminate\\Foundation\\Http\\{closure}()
#13 /workspaces/factorio-blueprint-editor/laravel-app/vendor/laravel/framework/src/Illuminate/Foundation/Http/Middleware/TransformsRequest.php(21): Illuminate\\Pipeline\\Pipeline->Illuminate\\Pipeline\\{closure}()
#14 /workspaces/factorio-blueprint-editor/laravel-app/vendor/laravel/framework/src/Illuminate/Foundation/Http/Middleware/ConvertEmptyStringsToNull.php(31): Illuminate\\Foundation\\Http\\Middleware\\TransformsRequest->handle()
#15 /workspaces/factorio-blueprint-editor/laravel-app/vendor/laravel/framework/src/Illuminate/Pipeline/Pipeline.php(219): Illuminate\\Foundation\\Http\\Middleware\\ConvertEmptyStringsToNull->handle()
#16 /workspaces/factorio-blueprint-editor/laravel-app/vendor/laravel/framework/src/Illuminate/Foundation/Http/Middleware/TransformsRequest.php(21): Illuminate\\Pipeline\\Pipeline->Illuminate\\Pipeline\\{closure}()
#17 /workspaces/factorio-blueprint-editor/laravel-app/vendor/laravel/framework/src/Illuminate/Foundation/Http/Middleware/TrimStrings.php(51): Illuminate\\Foundation\\Http\\Middleware\\TransformsRequest->handle()
#18 /workspaces/factorio-blueprint-editor/laravel-app/vendor/laravel/framework/src/Illuminate/Pipeline/Pipeline.php(219): Illuminate\\Foundation\\Http\\Middleware\\TrimStrings->handle()
#19 /workspaces/factorio-blueprint-editor/laravel-app/vendor/laravel/framework/src/Illuminate/Http/Middleware/ValidatePostSize.php(27): Illuminate\\Pipeline\\Pipeline->Illuminate\\Pipeline\\{closure}()
#20 /workspaces/factorio-blueprint-editor/laravel-app/vendor/laravel/framework/src/Illuminate/Pipeline/Pipeline.php(219): Illuminate\\Http\\Middleware\\ValidatePostSize->handle()
#21 /workspaces/factorio-blueprint-editor/laravel-app/vendor/laravel/framework/src/Illuminate/Foundation/Http/Middleware/PreventRequestsDuringMaintenance.php(109): Illuminate\\Pipeline\\Pipeline->Illuminate\\Pipeline\\{closure}()
#22 /workspaces/factorio-blueprint-editor/laravel-app/vendor/laravel/framework/src/Illuminate/Pipeline/Pipeline.php(219): Illuminate\\Foundation\\Http\\Middleware\\PreventRequestsDuringMaintenance->handle()
#23 /workspaces/factorio-blueprint-editor/laravel-app/vendor/laravel/framework/src/Illuminate/Http/Middleware/HandleCors.php(61): Illuminate\\Pipeline\\Pipeline->Illuminate\\Pipeline\\{closure}()
#24 /workspaces/factorio-blueprint-editor/laravel-app/vendor/laravel/framework/src/Illuminate/Pipeline/Pipeline.php(219): Illuminate\\Http\\Middleware\\HandleCors->handle()
#25 /workspaces/factorio-blueprint-editor/laravel-app/vendor/laravel/framework/src/Illuminate/Http/Middleware/TrustProxies.php(58): Illuminate\\Pipeline\\Pipeline->Illuminate\\Pipeline\\{closure}()
#26 /workspaces/factorio-blueprint-editor/laravel-app/vendor/laravel/framework/src/Illuminate/Pipeline/Pipeline.php(219): Illuminate\\Http\\Middleware\\TrustProxies->handle()
#27 /workspaces/factorio-blueprint-editor/laravel-app/vendor/laravel/framework/src/Illuminate/Foundation/Http/Middleware/InvokeDeferredCallbacks.php(22): Illuminate\\Pipeline\\Pipeline->Illuminate\\Pipeline\\{closure}()
#28 /workspaces/factorio-blueprint-editor/laravel-app/vendor/laravel/framework/src/Illuminate/Pipeline/Pipeline.php(219): Illuminate\\Foundation\\Http\\Middleware\\InvokeDeferredCallbacks->handle()
#29 /workspaces/factorio-blueprint-editor/laravel-app/vendor/laravel/framework/src/Illuminate/Http/Middleware/ValidatePathEncoding.php(28): Illuminate\\Pipeline\\Pipeline->Illuminate\\Pipeline\\{closure}()
#30 /workspaces/factorio-blueprint-editor/laravel-app/vendor/laravel/framework/src/Illuminate/Pipeline/Pipeline.php(219): Illuminate\\Http\\Middleware\\ValidatePathEncoding->handle()
#31 /workspaces/factorio-blueprint-editor/laravel-app/vendor/laravel/framework/src/Illuminate/Pipeline/Pipeline.php(137): Illuminate\\Pipeline\\Pipeline->Illuminate\\Pipeline\\{closure}()
#32 /workspaces/factorio-blueprint-editor/laravel-app/vendor/laravel/framework/src/Illuminate/Foundation/Http/Kernel.php(175): Illuminate\\Pipeline\\Pipeline->then()
#33 /workspaces/factorio-blueprint-editor/laravel-app/vendor/laravel/framework/src/Illuminate/Foundation/Http/Kernel.php(144): Illuminate\\Foundation\\Http\\Kernel->sendRequestThroughRouter()
#34 /workspaces/factorio-blueprint-editor/laravel-app/vendor/laravel/framework/src/Illuminate/Foundation/Application.php(1220): Illuminate\\Foundation\\Http\\Kernel->handle()
#35 /workspaces/factorio-blueprint-editor/laravel-app/public/index.php(20): Illuminate\\Foundation\\Application->handleRequest()
#36 /workspaces/factorio-blueprint-editor/laravel-app/vendor/laravel/framework/src/Illuminate/Foundation/resources/server.php(23): require_once('...')
#37 {main}
"} 
[2026-03-30 19:27:52] local.ERROR: FactorioBlueprintEditorLaravel\Http\Controllers\DataAssetController::serve(): Return value must be of type Illuminate\Http\Response, Symfony\Component\HttpFoundation\BinaryFileResponse returned {"exception":"[object] (TypeError(code: 0): FactorioBlueprintEditorLaravel\\Http\\Controllers\\DataAssetController::serve(): Return value must be of type Illuminate\\Http\\Response, Symfony\\Component\\HttpFoundation\\BinaryFileResponse returned at /workspaces/factorio-blueprint-editor/packages/laravel-factorio-blueprint-editor/src/Http/Controllers/DataAssetController.php:52)
[stacktrace]
#0 /workspaces/factorio-blueprint-editor/packages/laravel-factorio-blueprint-editor/src/Http/Controllers/DataAssetController.php(14): FactorioBlueprintEditorLaravel\\Http\\Controllers\\DataAssetController->serve()
#1 /workspaces/factorio-blueprint-editor/laravel-app/vendor/laravel/framework/src/Illuminate/Routing/ControllerDispatcher.php(46): FactorioBlueprintEditorLaravel\\Http\\Controllers\\DataAssetController->exportedData()
#2 /workspaces/factorio-blueprint-editor/laravel-app/vendor/laravel/framework/src/Illuminate/Routing/Route.php(269): Illuminate\\Routing\\ControllerDispatcher->dispatch()
#3 /workspaces/factorio-blueprint-editor/laravel-app/vendor/laravel/framework/src/Illuminate/Routing/Route.php(215): Illuminate\\Routing\\Route->runController()
#4 /workspaces/factorio-blueprint-editor/laravel-app/vendor/laravel/framework/src/Illuminate/Routing/Router.php(822): Illuminate\\Routing\\Route->run()
#5 /workspaces/factorio-blueprint-editor/laravel-app/vendor/laravel/framework/src/Illuminate/Pipeline/Pipeline.php(180): Illuminate\\Routing\\Router->Illuminate\\Routing\\{closure}()
#6 /workspaces/factorio-blueprint-editor/laravel-app/vendor/laravel/framework/src/Illuminate/Pipeline/Pipeline.php(137): Illuminate\\Pipeline\\Pipeline->Illuminate\\Pipeline\\{closure}()
#7 /workspaces/factorio-blueprint-editor/laravel-app/vendor/laravel/framework/src/Illuminate/Routing/Router.php(821): Illuminate\\Pipeline\\Pipeline->then()
#8 /workspaces/factorio-blueprint-editor/laravel-app/vendor/laravel/framework/src/Illuminate/Routing/Router.php(800): Illuminate\\Routing\\Router->runRouteWithinStack()
#9 /workspaces/factorio-blueprint-editor/laravel-app/vendor/laravel/framework/src/Illuminate/Routing/Router.php(764): Illuminate\\Routing\\Router->runRoute()
#10 /workspaces/factorio-blueprint-editor/laravel-app/vendor/laravel/framework/src/Illuminate/Routing/Router.php(753): Illuminate\\Routing\\Router->dispatchToRoute()
#11 /workspaces/factorio-blueprint-editor/laravel-app/vendor/laravel/framework/src/Illuminate/Foundation/Http/Kernel.php(200): Illuminate\\Routing\\Router->dispatch()
#12 /workspaces/factorio-blueprint-editor/laravel-app/vendor/laravel/framework/src/Illuminate/Pipeline/Pipeline.php(180): Illuminate\\Foundation\\Http\\Kernel->Illuminate\\Foundation\\Http\\{closure}()
#13 /workspaces/factorio-blueprint-editor/laravel-app/vendor/laravel/framework/src/Illuminate/Foundation/Http/Middleware/TransformsRequest.php(21): Illuminate\\Pipeline\\Pipeline->Illuminate\\Pipeline\\{closure}()
#14 /workspaces/factorio-blueprint-editor/laravel-app/vendor/laravel/framework/src/Illuminate/Foundation/Http/Middleware/ConvertEmptyStringsToNull.php(31): Illuminate\\Foundation\\Http\\Middleware\\TransformsRequest->handle()
#15 /workspaces/factorio-blueprint-editor/laravel-app/vendor/laravel/framework/src/Illuminate/Pipeline/Pipeline.php(219): Illuminate\\Foundation\\Http\\Middleware\\ConvertEmptyStringsToNull->handle()
#16 /workspaces/factorio-blueprint-editor/laravel-app/vendor/laravel/framework/src/Illuminate/Foundation/Http/Middleware/TransformsRequest.php(21): Illuminate\\Pipeline\\Pipeline->Illuminate\\Pipeline\\{closure}()
#17 /workspaces/factorio-blueprint-editor/laravel-app/vendor/laravel/framework/src/Illuminate/Foundation/Http/Middleware/TrimStrings.php(51): Illuminate\\Foundation\\Http\\Middleware\\TransformsRequest->handle()
#18 /workspaces/factorio-blueprint-editor/laravel-app/vendor/laravel/framework/src/Illuminate/Pipeline/Pipeline.php(219): Illuminate\\Foundation\\Http\\Middleware\\TrimStrings->handle()
#19 /workspaces/factorio-blueprint-editor/laravel-app/vendor/laravel/framework/src/Illuminate/Http/Middleware/ValidatePostSize.php(27): Illuminate\\Pipeline\\Pipeline->Illuminate\\Pipeline\\{closure}()
#20 /workspaces/factorio-blueprint-editor/laravel-app/vendor/laravel/framework/src/Illuminate/Pipeline/Pipeline.php(219): Illuminate\\Http\\Middleware\\ValidatePostSize->handle()
#21 /workspaces/factorio-blueprint-editor/laravel-app/vendor/laravel/framework/src/Illuminate/Foundation/Http/Middleware/PreventRequestsDuringMaintenance.php(109): Illuminate\\Pipeline\\Pipeline->Illuminate\\Pipeline\\{closure}()
#22 /workspaces/factorio-blueprint-editor/laravel-app/vendor/laravel/framework/src/Illuminate/Pipeline/Pipeline.php(219): Illuminate\\Foundation\\Http\\Middleware\\PreventRequestsDuringMaintenance->handle()
#23 /workspaces/factorio-blueprint-editor/laravel-app/vendor/laravel/framework/src/Illuminate/Http/Middleware/HandleCors.php(61): Illuminate\\Pipeline\\Pipeline->Illuminate\\Pipeline\\{closure}()
#24 /workspaces/factorio-blueprint-editor/laravel-app/vendor/laravel/framework/src/Illuminate/Pipeline/Pipeline.php(219): Illuminate\\Http\\Middleware\\HandleCors->handle()
#25 /workspaces/factorio-blueprint-editor/laravel-app/vendor/laravel/framework/src/Illuminate/Http/Middleware/TrustProxies.php(58): Illuminate\\Pipeline\\Pipeline->Illuminate\\Pipeline\\{closure}()
#26 /workspaces/factorio-blueprint-editor/laravel-app/vendor/laravel/framework/src/Illuminate/Pipeline/Pipeline.php(219): Illuminate\\Http\\Middleware\\TrustProxies->handle()
#27 /workspaces/factorio-blueprint-editor/laravel-app/vendor/laravel/framework/src/Illuminate/Foundation/Http/Middleware/InvokeDeferredCallbacks.php(22): Illuminate\\Pipeline\\Pipeline->Illuminate\\Pipeline\\{closure}()
#28 /workspaces/factorio-blueprint-editor/laravel-app/vendor/laravel/framework/src/Illuminate/Pipeline/Pipeline.php(219): Illuminate\\Foundation\\Http\\Middleware\\InvokeDeferredCallbacks->handle()
#29 /workspaces/factorio-blueprint-editor/laravel-app/vendor/laravel/framework/src/Illuminate/Http/Middleware/ValidatePathEncoding.php(28): Illuminate\\Pipeline\\Pipeline->Illuminate\\Pipeline\\{closure}()
#30 /workspaces/factorio-blueprint-editor/laravel-app/vendor/laravel/framework/src/Illuminate/Pipeline/Pipeline.php(219): Illuminate\\Http\\Middleware\\ValidatePathEncoding->handle()
#31 /workspaces/factorio-blueprint-editor/laravel-app/vendor/laravel/framework/src/Illuminate/Pipeline/Pipeline.php(137): Illuminate\\Pipeline\\Pipeline->Illuminate\\Pipeline\\{closure}()
#32 /workspaces/factorio-blueprint-editor/laravel-app/vendor/laravel/framework/src/Illuminate/Foundation/Http/Kernel.php(175): Illuminate\\Pipeline\\Pipeline->then()
#33 /workspaces/factorio-blueprint-editor/laravel-app/vendor/laravel/framework/src/Illuminate/Foundation/Http/Kernel.php(144): Illuminate\\Foundation\\Http\\Kernel->sendRequestThroughRouter()
#34 /workspaces/factorio-blueprint-editor/laravel-app/vendor/laravel/framework/src/Illuminate/Foundation/Application.php(1220): Illuminate\\Foundation\\Http\\Kernel->handle()
#35 /workspaces/factorio-blueprint-editor/laravel-app/public/index.php(20): Illuminate\\Foundation\\Application->handleRequest()
#36 /workspaces/factorio-blueprint-editor/laravel-app/vendor/laravel/framework/src/Illuminate/Foundation/resources/server.php(23): require_once('...')
#37 {main}
"} 
